watchfull_eye/android/app/build/outputs/logs/manifest-merger-debug-report.txt
-- Merging decision tree log ---
manifest
ADDED from src\main\AndroidManifest.xml:1:1-41:12
INJECTED from src\main\AndroidManifest.xml:1:1-41:12
INJECTED from src\main\AndroidManifest.xml:1:1-41:12
INJECTED from src\main\AndroidManifest.xml:1:1-41:12
MERGED from src\main\AndroidManifest.xml:1:1-41:12
MERGED from [:amplify_flutter_android] AndroidManifest.xml:2:1-7:12
MERGED from [:amplify_api_android] AndroidManifest.xml:2:1-7:12
MERGED from [:amplify_auth_cognito_android] AndroidManifest.xml:2:1-7:12
MERGED from [:amplify_storage_s3_android] AndroidManifest.xml:2:1-7:12
MERGED from [:amplify_core] AndroidManifest.xml:2:1-7:12
MERGED from [:cloud_firestore] AndroidManifest.xml:2:1-15:12
MERGED from [:firebase_storage] AndroidManifest.xml:2:1-15:12
MERGED from [:firebase_core] AndroidManifest.xml:2:1-15:12
MERGED from [:audioplayers_android] AndroidManifest.xml:2:1-9:12
MERGED from [:path_provider_android] AndroidManifest.xml:2:1-7:12
MERGED from [:flutter_secure_storage] AndroidManifest.xml:2:1-10:12
MERGED from [:just_audio] AndroidManifest.xml:2:1-7:12
MERGED from [:shared_preferences_android] AndroidManifest.xml:2:1-7:12
MERGED from [:audio_session] AndroidManifest.xml:2:1-7:12
MERGED from [:flutter_sound] AndroidManifest.xml:2:1-7:12
MERGED from [com.google.firebase:firebase-analytics-ktx:21.2.0] AndroidManifest.xml:2:1-17:12
MERGED from [androidx.window:window-java:1.0.0-beta04] AndroidManifest.xml:17:1-23:12
MERGED from [com.google.firebase:firebase-common-ktx:20.3.1] AndroidManifest.xml:2:1-20:12
MERGED from [androidx.window:window:1.0.0-beta04] AndroidManifest.xml:17:1-33:12
MERGED from [com.amplifyframework:aws-api:1.33.0] AndroidManifest.xml:16:1-26:12
MERGED from [com.amplifyframework:aws-api-appsync:1.33.0] AndroidManifest.xml:16:1-24:12
MERGED from [com.amplifyframework:aws-auth-cognito:1.33.0] AndroidManifest.xml:16:1-24:12
MERGED from [com.amplifyframework:aws-storage-s3:1.33.0] AndroidManifest.xml:16:1-30:12
MERGED from [com.amplifyframework:core:1.33.0] AndroidManifest.xml:16:1-32:12
MERGED from [androidx.navigation:navigation-dynamic-features-fragment:2.3.4] AndroidManifest.xml:17:1-24:12
MERGED from [androidx.navigation:navigation-fragment-ktx:2.3.4] AndroidManifest.xml:17:1-24:12
MERGED from [androidx.navigation:navigation-ui-ktx:2.3.4] AndroidManifest.xml:17:1-24:12
MERGED from [androidx.navigation:navigation-dynamic-features-runtime:2.3.4] AndroidManifest.xml:17:1-24:12
MERGED from [androidx.navigation:navigation-runtime-ktx:2.3.4] AndroidManifest.xml:17:1-24:12
MERGED from [androidx.fragment:fragment-ktx:1.2.4] AndroidManifest.xml:17:1-24:12
MERGED from [androidx.activity:activity-ktx:1.1.0] AndroidManifest.xml:17:1-24:12
MERGED from [androidx.lifecycle:lifecycle-viewmodel-ktx:2.2.0] AndroidManifest.xml:17:1-24:12
MERGED from [androidx.lifecycle:lifecycle-runtime-ktx:2.2.0] AndroidManifest.xml:17:1-24:12
MERGED from [com.google.firebase:firebase-analytics:21.2.0] AndroidManifest.xml:2:1-9:12
MERGED from [com.google.firebase:firebase-firestore:24.4.4] AndroidManifest.xml:2:1-25:12
MERGED from [com.google.firebase:firebase-storage:20.1.0] AndroidManifest.xml:15:1-38:12
MERGED from [com.google.firebase:firebase-appcheck-interop:16.1.1] AndroidManifest.xml:15:1-25:12
MERGED from [com.google.firebase:firebase-auth-interop:19.0.2] AndroidManifest.xml:2:1-10:12
MERGED from [com.google.android.gms:play-services-measurement-api:21.2.0] AndroidManifest.xml:17:1-37:12
MERGED from [com.google.firebase:firebase-installations:17.1.3] AndroidManifest.xml:2:1-23:12
MERGED from [com.google.firebase:firebase-common:20.3.1] AndroidManifest.xml:15:1-39:12
MERGED from [androidx.security:security-crypto:1.1.0-alpha04] AndroidManifest.xml:17:1-22:12
MERGED from [io.grpc:grpc-android:1.52.1] AndroidManifest.xml:2:1-11:12
MERGED from [com.amazonaws:aws-android-sdk-mobile-client:2.41.0] AndroidManifest.xml:2:1-20:12
MERGED from [com.amazonaws:aws-android-sdk-auth-core:2.41.0] AndroidManifest.xml:2:1-10:12
MERGED from [com.amazonaws:aws-android-sdk-cognitoauth:2.41.0] AndroidManifest.xml:2:1-19:12
MERGED from [com.amazonaws:aws-android-sdk-s3:2.41.0] AndroidManifest.xml:2:1-12:12
MERGED from [com.amazonaws:aws-android-sdk-cognitoidentityprovider:2.41.0] AndroidManifest.xml:2:1-10:12
MERGED from [com.amazonaws:aws-android-sdk-cognitoidentityprovider-asf:2.41.0] AndroidManifest.xml:2:1-10:12
MERGED from [com.amazonaws:aws-android-sdk-kms:2.41.0] AndroidManifest.xml:2:1-10:12
MERGED from [com.amazonaws:aws-android-sdk-core:2.41.0] AndroidManifest.xml:2:1-16:12
MERGED from [androidx.navigation:navigation-common-ktx:2.3.4] AndroidManifest.xml:17:1-24:12
MERGED from [androidx.core:core-ktx:1.8.0] AndroidManifest.xml:2:1-9:12
MERGED from [com.google.android.exoplayer:exoplayer-dash:2.18.1] AndroidManifest.xml:17:1-24:12
MERGED from [com.google.android.exoplayer:exoplayer-hls:2.18.1] AndroidManifest.xml:17:1-24:12
MERGED from [com.google.android.exoplayer:exoplayer-smoothstreaming:2.18.1] AndroidManifest.xml:17:1-24:12
MERGED from [com.google.android.exoplayer:exoplayer-core:2.18.1] AndroidManifest.xml:17:1-26:12
MERGED from [com.github.canardoux:flutter_sound_core:9.2.13] AndroidManifest.xml:2:1-18:12
MERGED from [androidx.legacy:legacy-support-v4:1.0.0] AndroidManifest.xml:17:1-22:12
MERGED from [androidx.media2:media2-session:1.2.0] AndroidManifest.xml:17:1-36:12
MERGED from [androidx.media2:media2-common:1.2.0] AndroidManifest.xml:17:1-24:12
MERGED from [androidx.media:media:1.4.1] AndroidManifest.xml:17:1-30:12
MERGED from [androidx.navigation:navigation-ui:2.3.4] AndroidManifest.xml:17:1-24:12
MERGED from [com.google.android.material:material:1.0.0] AndroidManifest.xml:17:1-24:12
MERGED from [androidx.appcompat:appcompat:1.2.0] AndroidManifest.xml:17:1-24:12
MERGED from [androidx.tracing:tracing:1.0.0] AndroidManifest.xml:17:1-24:12
MERGED from [com.google.firebase:firebase-components:17.1.0] AndroidManifest.xml:15:1-22:12
MERGED from [com.google.firebase:firebase-database-collection:18.0.1] AndroidManifest.xml:2:1-9:12
MERGED from [com.google.android.gms:play-services-base:18.0.1] AndroidManifest.xml:16:1-24:12
MERGED from [com.google.firebase:firebase-installations-interop:17.1.0] AndroidManifest.xml:15:1-22:12
MERGED from [com.google.android.gms:play-services-tasks:18.0.2] AndroidManifest.xml:2:1-6:12
MERGED from [com.google.android.gms:play-services-measurement:21.2.0] AndroidManifest.xml:17:1-46:12
MERGED from [com.google.android.gms:play-services-measurement-sdk:21.2.0] AndroidManifest.xml:17:1-25:12
MERGED from [com.google.android.gms:play-services-measurement-impl:21.2.0] AndroidManifest.xml:17:1-32:12
MERGED from [com.google.android.gms:play-services-ads-identifier:18.0.0] AndroidManifest.xml:17:1-27:12
MERGED from [com.google.android.gms:play-services-measurement-sdk-api:21.2.0] AndroidManifest.xml:17:1-28:12
MERGED from [com.google.android.gms:play-services-measurement-base:21.2.0] AndroidManifest.xml:2:1-9:12
MERGED from [com.google.android.gms:play-services-stats:17.0.2] AndroidManifest.xml:2:1-9:12
MERGED from [com.google.firebase:firebase-measurement-connector:19.0.0] AndroidManifest.xml:17:1-25:12
MERGED from [com.google.android.gms:play-services-basement:18.1.0] AndroidManifest.xml:16:1-26:12
MERGED from [androidx.appcompat:appcompat-resources:1.2.0] AndroidManifest.xml:17:1-24:12
MERGED from [androidx.recyclerview:recyclerview:1.0.0] AndroidManifest.xml:17:1-22:12
MERGED from [androidx.legacy:legacy-support-core-ui:1.0.0] AndroidManifest.xml:17:1-22:12
MERGED from [androidx.legacy:legacy-support-core-utils:1.0.0] AndroidManifest.xml:17:1-22:12
MERGED from [androidx.navigation:navigation-fragment:2.3.4] AndroidManifest.xml:17:1-24:12
MERGED from [androidx.fragment:fragment:1.2.4] AndroidManifest.xml:17:1-24:12
MERGED from [androidx.drawerlayout:drawerlayout:1.1.1] AndroidManifest.xml:17:1-24:12
MERGED from [androidx.viewpager:viewpager:1.0.0] AndroidManifest.xml:17:1-22:12
MERGED from [androidx.coordinatorlayout:coordinatorlayout:1.0.0] AndroidManifest.xml:17:1-22:12
MERGED from [androidx.slidingpanelayout:slidingpanelayout:1.0.0] AndroidManifest.xml:17:1-22:12
MERGED from [androidx.customview:customview:1.1.0] AndroidManifest.xml:17:1-24:12
MERGED from [androidx.transition:transition:1.3.0] AndroidManifest.xml:17:1-24:12
MERGED from [androidx.browser:browser:1.3.0] AndroidManifest.xml:17:1-24:12
MERGED from [androidx.vectordrawable:vectordrawable-animated:1.1.0] AndroidManifest.xml:17:1-24:12
MERGED from [androidx.vectordrawable:vectordrawable:1.1.0] AndroidManifest.xml:17:1-24:12
MERGED from [androidx.loader:loader:1.0.0] AndroidManifest.xml:17:1-22:12
MERGED from [androidx.swiperefreshlayout:swiperefreshlayout:1.0.0] AndroidManifest.xml:17:1-22:12
MERGED from [androidx.asynclayoutinflater:asynclayoutinflater:1.0.0] AndroidManifest.xml:17:1-22:12
MERGED from [androidx.navigation:navigation-runtime:2.3.4] AndroidManifest.xml:17:1-24:12
MERGED from [androidx.activity:activity:1.1.0] AndroidManifest.xml:17:1-24:12
MERGED from [androidx.navigation:navigation-common:2.3.4] AndroidManifest.xml:17:1-24:12
MERGED from [androidx.core:core:1.8.0] AndroidManifest.xml:17:1-26:12
MERGED from [androidx.versionedparcelable:versionedparcelable:1.1.1] AndroidManifest.xml:17:1-27:12
MERGED from [com.google.android.exoplayer:exoplayer-datasource:2.18.1] AndroidManifest.xml:17:1-24:12
MERGED from [com.google.android.exoplayer:exoplayer-extractor:2.18.1] AndroidManifest.xml:17:1-24:12
MERGED from [com.google.android.exoplayer:exoplayer-decoder:2.18.1] AndroidManifest.xml:17:1-24:12
MERGED from [com.google.android.exoplayer:exoplayer-database:2.18.1] AndroidManifest.xml:17:1-24:12
MERGED from [com.google.android.exoplayer:exoplayer-common:2.18.1] AndroidManifest.xml:17:1-26:12
MERGED from [androidx.cursoradapter:cursoradapter:1.0.0] AndroidManifest.xml:17:1-22:12
MERGED from [androidx.lifecycle:lifecycle-runtime:2.3.1] AndroidManifest.xml:17:1-24:12
MERGED from [androidx.documentfile:documentfile:1.0.0] AndroidManifest.xml:17:1-22:12
MERGED from [androidx.localbroadcastmanager:localbroadcastmanager:1.0.0] AndroidManifest.xml:17:1-22:12
MERGED from [androidx.print:print:1.0.0] AndroidManifest.xml:17:1-22:12
MERGED from [androidx.interpolator:interpolator:1.0.0] AndroidManifest.xml:17:1-22:12
MERGED from [androidx.lifecycle:lifecycle-viewmodel-savedstate:2.2.0] AndroidManifest.xml:17:1-24:12
MERGED from [androidx.lifecycle:lifecycle-viewmodel:2.2.0] AndroidManifest.xml:17:1-24:12
MERGED from [androidx.savedstate:savedstate:1.0.0] AndroidManifest.xml:17:1-24:12
MERGED from [androidx.cardview:cardview:1.0.0] AndroidManifest.xml:17:1-22:12
MERGED from [androidx.lifecycle:lifecycle-livedata-core-ktx:2.2.0] AndroidManifest.xml:17:1-24:12
MERGED from [androidx.lifecycle:lifecycle-livedata:2.0.0] AndroidManifest.xml:17:1-22:12
MERGED from [androidx.lifecycle:lifecycle-livedata-core:2.2.0] AndroidManifest.xml:17:1-24:12
MERGED from [androidx.arch.core:core-runtime:2.1.0] AndroidManifest.xml:17:1-24:12
MERGED from [com.google.firebase:protolite-well-known-types:18.0.0] AndroidManifest.xml:2:1-11:12
MERGED from [androidx.annotation:annotation-experimental:1.1.0] AndroidManifest.xml:17:1-24:12
MERGED from [com.google.android.play:core:1.9.1] AndroidManifest.xml:2:1-23:12
INJECTED from src\debug\AndroidManifest.xml:1:1-7:12
INJECTED from src\debug\AndroidManifest.xml:1:1-7:12
INJECTED from src\debug\AndroidManifest.xml:1:1-7:12
	package
		ADDED from src\main\AndroidManifest.xml:2:5-40
		INJECTED from src\main\AndroidManifest.xml
		INJECTED from src\debug\AndroidManifest.xml
	android:versionName
		INJECTED from src\main\AndroidManifest.xml
		ADDED from src\main\AndroidManifest.xml:1:1-41:12
		INJECTED from src\debug\AndroidManifest.xml
	android:versionCode
		INJECTED from src\main\AndroidManifest.xml
		ADDED from src\main\AndroidManifest.xml:1:1-41:12
		INJECTED from src\debug\AndroidManifest.xml
	xmlns:android
		ADDED from src\main\AndroidManifest.xml:1:11-69
application
ADDED from src\main\AndroidManifest.xml:3:4-40:19
MERGED from [:cloud_firestore] AndroidManifest.xml:7:5-13:19
MERGED from [:cloud_firestore] AndroidManifest.xml:7:5-13:19
MERGED from [:firebase_storage] AndroidManifest.xml:7:5-13:19
MERGED from [:firebase_storage] AndroidManifest.xml:7:5-13:19
MERGED from [:firebase_core] AndroidManifest.xml:7:5-13:19
MERGED from [:firebase_core] AndroidManifest.xml:7:5-13:19
MERGED from [com.google.firebase:firebase-analytics-ktx:21.2.0] AndroidManifest.xml:7:5-15:19
MERGED from [com.google.firebase:firebase-analytics-ktx:21.2.0] AndroidManifest.xml:7:5-15:19
MERGED from [com.google.firebase:firebase-common-ktx:20.3.1] AndroidManifest.xml:10:5-18:19
MERGED from [com.google.firebase:firebase-common-ktx:20.3.1] AndroidManifest.xml:10:5-18:19
MERGED from [androidx.window:window:1.0.0-beta04] AndroidManifest.xml:24:5-31:19
MERGED from [androidx.window:window:1.0.0-beta04] AndroidManifest.xml:24:5-31:19
MERGED from [com.amplifyframework:aws-storage-s3:1.33.0] AndroidManifest.xml:24:5-28:19
MERGED from [com.amplifyframework:aws-storage-s3:1.33.0] AndroidManifest.xml:24:5-28:19
MERGED from [com.amplifyframework:core:1.33.0] AndroidManifest.xml:26:5-30:19
MERGED from [com.amplifyframework:core:1.33.0] AndroidManifest.xml:26:5-30:19
MERGED from [com.google.firebase:firebase-analytics:21.2.0] AndroidManifest.xml:7:5-20
MERGED from [com.google.firebase:firebase-analytics:21.2.0] AndroidManifest.xml:7:5-20
MERGED from [com.google.firebase:firebase-firestore:24.4.4] AndroidManifest.xml:15:5-23:19
MERGED from [com.google.firebase:firebase-firestore:24.4.4] AndroidManifest.xml:15:5-23:19
MERGED from [com.google.firebase:firebase-storage:20.1.0] AndroidManifest.xml:28:5-36:19
MERGED from [com.google.firebase:firebase-storage:20.1.0] AndroidManifest.xml:28:5-36:19
MERGED from [com.google.firebase:firebase-appcheck-interop:16.1.1] AndroidManifest.xml:23:5-20
MERGED from [com.google.firebase:firebase-appcheck-interop:16.1.1] AndroidManifest.xml:23:5-20
MERGED from [com.google.firebase:firebase-auth-interop:19.0.2] AndroidManifest.xml:7:5-8:19
MERGED from [com.google.firebase:firebase-auth-interop:19.0.2] AndroidManifest.xml:7:5-8:19
MERGED from [com.google.android.gms:play-services-measurement-api:21.2.0] AndroidManifest.xml:27:5-35:19
MERGED from [com.google.android.gms:play-services-measurement-api:21.2.0] AndroidManifest.xml:27:5-35:19
MERGED from [com.google.firebase:firebase-installations:17.1.3] AndroidManifest.xml:13:5-21:19
MERGED from [com.google.firebase:firebase-installations:17.1.3] AndroidManifest.xml:13:5-21:19
MERGED from [com.google.firebase:firebase-common:20.3.1] AndroidManifest.xml:24:5-37:19
MERGED from [com.google.firebase:firebase-common:20.3.1] AndroidManifest.xml:24:5-37:19
MERGED from [com.amazonaws:aws-android-sdk-cognitoauth:2.41.0] AndroidManifest.xml:11:5-17:19
MERGED from [com.amazonaws:aws-android-sdk-cognitoauth:2.41.0] AndroidManifest.xml:11:5-17:19
MERGED from [com.amazonaws:aws-android-sdk-core:2.41.0] AndroidManifest.xml:10:5-14:19
MERGED from [com.amazonaws:aws-android-sdk-core:2.41.0] AndroidManifest.xml:10:5-14:19
MERGED from [com.github.canardoux:flutter_sound_core:9.2.13] AndroidManifest.xml:15:5-16:19
MERGED from [com.github.canardoux:flutter_sound_core:9.2.13] AndroidManifest.xml:15:5-16:19
MERGED from [com.google.android.material:material:1.0.0] AndroidManifest.xml:22:5-20
MERGED from [com.google.android.material:material:1.0.0] AndroidManifest.xml:22:5-20
MERGED from [com.google.android.gms:play-services-base:18.0.1] AndroidManifest.xml:19:5-23:19
MERGED from [com.google.android.gms:play-services-base:18.0.1] AndroidManifest.xml:19:5-23:19
MERGED from [com.google.android.gms:play-services-tasks:18.0.2] AndroidManifest.xml:5:5-20
MERGED from [com.google.android.gms:play-services-tasks:18.0.2] AndroidManifest.xml:5:5-20
MERGED from [com.google.android.gms:play-services-measurement:21.2.0] AndroidManifest.xml:28:5-44:19
MERGED from [com.google.android.gms:play-services-measurement:21.2.0] AndroidManifest.xml:28:5-44:19
MERGED from [com.google.android.gms:play-services-measurement-sdk:21.2.0] AndroidManifest.xml:22:5-23:19
MERGED from [com.google.android.gms:play-services-measurement-sdk:21.2.0] AndroidManifest.xml:22:5-23:19
MERGED from [com.google.android.gms:play-services-measurement-impl:21.2.0] AndroidManifest.xml:29:5-30:19
MERGED from [com.google.android.gms:play-services-measurement-impl:21.2.0] AndroidManifest.xml:29:5-30:19
MERGED from [com.google.android.gms:play-services-ads-identifier:18.0.0] AndroidManifest.xml:25:5-20
MERGED from [com.google.android.gms:play-services-ads-identifier:18.0.0] AndroidManifest.xml:25:5-20
MERGED from [com.google.android.gms:play-services-measurement-base:21.2.0] AndroidManifest.xml:7:5-20
MERGED from [com.google.android.gms:play-services-measurement-base:21.2.0] AndroidManifest.xml:7:5-20
MERGED from [com.google.android.gms:play-services-stats:17.0.2] AndroidManifest.xml:7:5-20
MERGED from [com.google.android.gms:play-services-stats:17.0.2] AndroidManifest.xml:7:5-20
MERGED from [com.google.firebase:firebase-measurement-connector:19.0.0] AndroidManifest.xml:22:5-23:19
MERGED from [com.google.firebase:firebase-measurement-connector:19.0.0] AndroidManifest.xml:22:5-23:19
MERGED from [com.google.android.gms:play-services-basement:18.1.0] AndroidManifest.xml:20:5-24:19
MERGED from [com.google.android.gms:play-services-basement:18.1.0] AndroidManifest.xml:20:5-24:19
MERGED from [androidx.core:core:1.8.0] AndroidManifest.xml:24:5-89
MERGED from [androidx.core:core:1.8.0] AndroidManifest.xml:24:5-89
MERGED from [androidx.versionedparcelable:versionedparcelable:1.1.1] AndroidManifest.xml:24:5-25:19
MERGED from [androidx.versionedparcelable:versionedparcelable:1.1.1] AndroidManifest.xml:24:5-25:19
MERGED from [com.google.android.play:core:1.9.1] AndroidManifest.xml:10:3-21:17
MERGED from [com.google.android.play:core:1.9.1] AndroidManifest.xml:10:3-21:17
	android:appComponentFactory
		ADDED from [androidx.core:core:1.8.0] AndroidManifest.xml:24:18-86
	android:label
		ADDED from src\main\AndroidManifest.xml:4:9-38
	android:icon
		ADDED from src\main\AndroidManifest.xml:5:9-43
activity#com.example.watchfull_eye.MainActivity
ADDED from src\main\AndroidManifest.xml:6:9-34:20
	android:launchMode
		ADDED from src\main\AndroidManifest.xml:8:13-43
	android:hardwareAccelerated
		ADDED from src\main\AndroidManifest.xml:11:13-47
	android:windowSoftInputMode
		ADDED from src\main\AndroidManifest.xml:12:13-55
	android:configChanges
		ADDED from src\main\AndroidManifest.xml:10:13-163
	android:theme
		ADDED from src\main\AndroidManifest.xml:9:13-47
	android:name
		ADDED from src\main\AndroidManifest.xml:7:13-41
meta-data#io.flutter.embedding.android.NormalTheme
ADDED from src\main\AndroidManifest.xml:17:13-20:17
	android:resource
		ADDED from src\main\AndroidManifest.xml:19:15-52
	android:name
		ADDED from src\main\AndroidManifest.xml:18:15-70
meta-data#io.flutter.embedding.android.SplashScreenDrawable
ADDED from src\main\AndroidManifest.xml:26:13-29:17
	android:resource
		ADDED from src\main\AndroidManifest.xml:28:15-61
	android:name
		ADDED from src\main\AndroidManifest.xml:27:15-79
intent-filter#action:name:android.intent.action.MAIN+category:name:android.intent.category.LAUNCHER
ADDED from src\main\AndroidManifest.xml:30:13-33:29
action#android.intent.action.MAIN
ADDED from src\main\AndroidManifest.xml:31:17-68
	android:name
		ADDED from src\main\AndroidManifest.xml:31:25-66
category#android.intent.category.LAUNCHER
ADDED from src\main\AndroidManifest.xml:32:17-76
	android:name
		ADDED from src\main\AndroidManifest.xml:32:27-74
meta-data#flutterEmbedding
ADDED from src\main\AndroidManifest.xml:37:9-39:33
	android:value
		ADDED from src\main\AndroidManifest.xml:39:13-30
	android:name
		ADDED from src\main\AndroidManifest.xml:38:13-44
uses-sdk
INJECTED from src\main\AndroidManifest.xml reason: use-sdk injection requested
INJECTED from src\main\AndroidManifest.xml
INJECTED from src\main\AndroidManifest.xml
MERGED from [:amplify_flutter_android] AndroidManifest.xml:5:5-44
MERGED from [:amplify_flutter_android] AndroidManifest.xml:5:5-44
MERGED from [:amplify_api_android] AndroidManifest.xml:5:5-44
MERGED from [:amplify_api_android] AndroidManifest.xml:5:5-44
MERGED from [:amplify_auth_cognito_android] AndroidManifest.xml:5:5-44
MERGED from [:amplify_auth_cognito_android] AndroidManifest.xml:5:5-44
MERGED from [:amplify_storage_s3_android] AndroidManifest.xml:5:5-44
MERGED from [:amplify_storage_s3_android] AndroidManifest.xml:5:5-44
MERGED from [:amplify_core] AndroidManifest.xml:5:5-44
MERGED from [:amplify_core] AndroidManifest.xml:5:5-44
MERGED from [:cloud_firestore] AndroidManifest.xml:5:5-44
MERGED from [:cloud_firestore] AndroidManifest.xml:5:5-44
MERGED from [:firebase_storage] AndroidManifest.xml:5:5-44
MERGED from [:firebase_storage] AndroidManifest.xml:5:5-44
MERGED from [:firebase_core] AndroidManifest.xml:5:5-44
MERGED from [:firebase_core] AndroidManifest.xml:5:5-44
MERGED from [:audioplayers_android] AndroidManifest.xml:7:5-44
MERGED from [:audioplayers_android] AndroidManifest.xml:7:5-44
MERGED from [:path_provider_android] AndroidManifest.xml:5:5-44
MERGED from [:path_provider_android] AndroidManifest.xml:5:5-44
MERGED from [:flutter_secure_storage] AndroidManifest.xml:6:5-8:53
MERGED from [:flutter_secure_storage] AndroidManifest.xml:6:5-8:53
MERGED from [:just_audio] AndroidManifest.xml:5:5-44
MERGED from [:just_audio] AndroidManifest.xml:5:5-44
MERGED from [:shared_preferences_android] AndroidManifest.xml:5:5-44
MERGED from [:shared_preferences_android] AndroidManifest.xml:5:5-44
MERGED from [:audio_session] AndroidManifest.xml:5:5-44
MERGED from [:audio_session] AndroidManifest.xml:5:5-44
MERGED from [:flutter_sound] AndroidManifest.xml:5:5-44
MERGED from [:flutter_sound] AndroidManifest.xml:5:5-44
MERGED from [com.google.firebase:firebase-analytics-ktx:21.2.0] AndroidManifest.xml:5:5-44
MERGED from [com.google.firebase:firebase-analytics-ktx:21.2.0] AndroidManifest.xml:5:5-44
MERGED from [androidx.window:window-java:1.0.0-beta04] AndroidManifest.xml:19:5-21:41
MERGED from [androidx.window:window-java:1.0.0-beta04] AndroidManifest.xml:19:5-21:41
MERGED from [com.google.firebase:firebase-common-ktx:20.3.1] AndroidManifest.xml:5:5-7:41
MERGED from [com.google.firebase:firebase-common-ktx:20.3.1] AndroidManifest.xml:5:5-7:41
MERGED from [androidx.window:window:1.0.0-beta04] AndroidManifest.xml:20:5-22:41
MERGED from [androidx.window:window:1.0.0-beta04] AndroidManifest.xml:20:5-22:41
MERGED from [com.amplifyframework:aws-api:1.33.0] AndroidManifest.xml:20:5-22:41
MERGED from [com.amplifyframework:aws-api:1.33.0] AndroidManifest.xml:20:5-22:41
MERGED from [com.amplifyframework:aws-api-appsync:1.33.0] AndroidManifest.xml:20:5-22:41
MERGED from [com.amplifyframework:aws-api-appsync:1.33.0] AndroidManifest.xml:20:5-22:41
MERGED from [com.amplifyframework:aws-auth-cognito:1.33.0] AndroidManifest.xml:20:5-22:41
MERGED from [com.amplifyframework:aws-auth-cognito:1.33.0] AndroidManifest.xml:20:5-22:41
MERGED from [com.amplifyframework:aws-storage-s3:1.33.0] AndroidManifest.xml:20:5-22:41
MERGED from [com.amplifyframework:aws-storage-s3:1.33.0] AndroidManifest.xml:20:5-22:41
MERGED from [com.amplifyframework:core:1.33.0] AndroidManifest.xml:20:5-22:41
MERGED from [com.amplifyframework:core:1.33.0] AndroidManifest.xml:20:5-22:41
MERGED from [androidx.navigation:navigation-dynamic-features-fragment:2.3.4] AndroidManifest.xml:20:5-22:41
MERGED from [androidx.navigation:navigation-dynamic-features-fragment:2.3.4] AndroidManifest.xml:20:5-22:41
MERGED from [androidx.navigation:navigation-fragment-ktx:2.3.4] AndroidManifest.xml:20:5-22:41
MERGED from [androidx.navigation:navigation-fragment-ktx:2.3.4] AndroidManifest.xml:20:5-22:41
MERGED from [androidx.navigation:navigation-ui-ktx:2.3.4] AndroidManifest.xml:20:5-22:41
MERGED from [androidx.navigation:navigation-ui-ktx:2.3.4] AndroidManifest.xml:20:5-22:41
MERGED from [androidx.navigation:navigation-dynamic-features-runtime:2.3.4] AndroidManifest.xml:20:5-22:41
MERGED from [androidx.navigation:navigation-dynamic-features-runtime:2.3.4] AndroidManifest.xml:20:5-22:41
MERGED from [androidx.navigation:navigation-runtime-ktx:2.3.4] AndroidManifest.xml:20:5-22:41
MERGED from [androidx.navigation:navigation-runtime-ktx:2.3.4] AndroidManifest.xml:20:5-22:41
MERGED from [androidx.fragment:fragment-ktx:1.2.4] AndroidManifest.xml:20:5-22:41
MERGED from [androidx.fragment:fragment-ktx:1.2.4] AndroidManifest.xml:20:5-22:41
MERGED from [androidx.activity:activity-ktx:1.1.0] AndroidManifest.xml:20:5-22:41
MERGED from [androidx.activity:activity-ktx:1.1.0] AndroidManifest.xml:20:5-22:41
MERGED from [androidx.lifecycle:lifecycle-viewmodel-ktx:2.2.0] AndroidManifest.xml:20:5-22:41
MERGED from [androidx.lifecycle:lifecycle-viewmodel-ktx:2.2.0] AndroidManifest.xml:20:5-22:41
MERGED from [androidx.lifecycle:lifecycle-runtime-ktx:2.2.0] AndroidManifest.xml:20:5-22:41
MERGED from [androidx.lifecycle:lifecycle-runtime-ktx:2.2.0] AndroidManifest.xml:20:5-22:41
MERGED from [com.google.firebase:firebase-analytics:21.2.0] AndroidManifest.xml:5:5-44
MERGED from [com.google.firebase:firebase-analytics:21.2.0] AndroidManifest.xml:5:5-44
MERGED from [com.google.firebase:firebase-firestore:24.4.4] AndroidManifest.xml:6:5-8:41
MERGED from [com.google.firebase:firebase-firestore:24.4.4] AndroidManifest.xml:6:5-8:41
MERGED from [com.google.firebase:firebase-storage:20.1.0] AndroidManifest.xml:19:5-21:41
MERGED from [com.google.firebase:firebase-storage:20.1.0] AndroidManifest.xml:19:5-21:41
MERGED from [com.google.firebase:firebase-appcheck-interop:16.1.1] AndroidManifest.xml:18:5-20:41
MERGED from [com.google.firebase:firebase-appcheck-interop:16.1.1] AndroidManifest.xml:18:5-20:41
MERGED from [com.google.firebase:firebase-auth-interop:19.0.2] AndroidManifest.xml:5:5-44
MERGED from [com.google.firebase:firebase-auth-interop:19.0.2] AndroidManifest.xml:5:5-44
MERGED from [com.google.android.gms:play-services-measurement-api:21.2.0] AndroidManifest.xml:20:5-44
MERGED from [com.google.android.gms:play-services-measurement-api:21.2.0] AndroidManifest.xml:20:5-44
MERGED from [com.google.firebase:firebase-installations:17.1.3] AndroidManifest.xml:5:5-7:41
MERGED from [com.google.firebase:firebase-installations:17.1.3] AndroidManifest.xml:5:5-7:41
MERGED from [com.google.firebase:firebase-common:20.3.1] AndroidManifest.xml:19:5-21:41
MERGED from [com.google.firebase:firebase-common:20.3.1] AndroidManifest.xml:19:5-21:41
MERGED from [androidx.security:security-crypto:1.1.0-alpha04] AndroidManifest.xml:20:5-44
MERGED from [androidx.security:security-crypto:1.1.0-alpha04] AndroidManifest.xml:20:5-44
MERGED from [io.grpc:grpc-android:1.52.1] AndroidManifest.xml:5:5-7:41
MERGED from [io.grpc:grpc-android:1.52.1] AndroidManifest.xml:5:5-7:41
MERGED from [com.amazonaws:aws-android-sdk-mobile-client:2.41.0] AndroidManifest.xml:12:5-15:96
MERGED from [com.amazonaws:aws-android-sdk-mobile-client:2.41.0] AndroidManifest.xml:12:5-15:96
MERGED from [com.amazonaws:aws-android-sdk-auth-core:2.41.0] AndroidManifest.xml:6:5-8:41
MERGED from [com.amazonaws:aws-android-sdk-auth-core:2.41.0] AndroidManifest.xml:6:5-8:41
MERGED from [com.amazonaws:aws-android-sdk-cognitoauth:2.41.0] AndroidManifest.xml:7:5-9:41
MERGED from [com.amazonaws:aws-android-sdk-cognitoauth:2.41.0] AndroidManifest.xml:7:5-9:41
MERGED from [com.amazonaws:aws-android-sdk-s3:2.41.0] AndroidManifest.xml:6:5-8:41
MERGED from [com.amazonaws:aws-android-sdk-s3:2.41.0] AndroidManifest.xml:6:5-8:41
MERGED from [com.amazonaws:aws-android-sdk-cognitoidentityprovider:2.41.0] AndroidManifest.xml:6:5-8:41
MERGED from [com.amazonaws:aws-android-sdk-cognitoidentityprovider:2.41.0] AndroidManifest.xml:6:5-8:41
MERGED from [com.amazonaws:aws-android-sdk-cognitoidentityprovider-asf:2.41.0] AndroidManifest.xml:6:5-8:41
MERGED from [com.amazonaws:aws-android-sdk-cognitoidentityprovider-asf:2.41.0] AndroidManifest.xml:6:5-8:41
MERGED from [com.amazonaws:aws-android-sdk-kms:2.41.0] AndroidManifest.xml:6:5-8:41
MERGED from [com.amazonaws:aws-android-sdk-kms:2.41.0] AndroidManifest.xml:6:5-8:41
MERGED from [com.amazonaws:aws-android-sdk-core:2.41.0] AndroidManifest.xml:6:5-8:41
MERGED from [com.amazonaws:aws-android-sdk-core:2.41.0] AndroidManifest.xml:6:5-8:41
MERGED from [androidx.navigation:navigation-common-ktx:2.3.4] AndroidManifest.xml:20:5-22:41
MERGED from [androidx.navigation:navigation-common-ktx:2.3.4] AndroidManifest.xml:20:5-22:41
MERGED from [androidx.core:core-ktx:1.8.0] AndroidManifest.xml:5:5-7:41
MERGED from [androidx.core:core-ktx:1.8.0] AndroidManifest.xml:5:5-7:41
MERGED from [com.google.android.exoplayer:exoplayer-dash:2.18.1] AndroidManifest.xml:20:5-22:41
MERGED from [com.google.android.exoplayer:exoplayer-dash:2.18.1] AndroidManifest.xml:20:5-22:41
MERGED from [com.google.android.exoplayer:exoplayer-hls:2.18.1] AndroidManifest.xml:20:5-22:41
MERGED from [com.google.android.exoplayer:exoplayer-hls:2.18.1] AndroidManifest.xml:20:5-22:41
MERGED from [com.google.android.exoplayer:exoplayer-smoothstreaming:2.18.1] AndroidManifest.xml:20:5-22:41
MERGED from [com.google.android.exoplayer:exoplayer-smoothstreaming:2.18.1] AndroidManifest.xml:20:5-22:41
MERGED from [com.google.android.exoplayer:exoplayer-core:2.18.1] AndroidManifest.xml:20:5-22:41
MERGED from [com.google.android.exoplayer:exoplayer-core:2.18.1] AndroidManifest.xml:20:5-22:41
MERGED from [com.github.canardoux:flutter_sound_core:9.2.13] AndroidManifest.xml:7:5-9:41
MERGED from [com.github.canardoux:flutter_sound_core:9.2.13] AndroidManifest.xml:7:5-9:41
MERGED from [androidx.legacy:legacy-support-v4:1.0.0] AndroidManifest.xml:20:5-44
MERGED from [androidx.legacy:legacy-support-v4:1.0.0] AndroidManifest.xml:20:5-44
MERGED from [androidx.media2:media2-session:1.2.0] AndroidManifest.xml:20:5-22:41